<?xml version="1.0" encoding="UTF-8"?>
<robot generator="Robot 3.2.1 (Python 3.6.9 on linux)" generated="20200801 00:08:34.177" rpa="false">
<suite id="s1" name="Tests" source="/home/marcelo-leivas/Desktop/certi_project/src/tests">
<suite id="s1-s1" name="Test Api" source="/home/marcelo-leivas/Desktop/certi_project/src/tests/test_api.robot">
<test id="s1-s1-t1" name="Sending positive valid number and getting it in portuguese">
<kw name="Given I want the number &quot;10&quot; written in cursive" library="resources">
<kw name="Set Suite Variable" library="BuiltIn">
<doc>Makes a variable available everywhere within the scope of the current suite.</doc>
<arguments>
<arg>${value}</arg>
<arg>${value}</arg>
</arguments>
<msg timestamp="20200801 00:08:34.304" level="INFO">${value} = 10</msg>
<status status="PASS" starttime="20200801 00:08:34.303" endtime="20200801 00:08:34.304"></status>
</kw>
<kw name="Log" library="BuiltIn">
<doc>Logs the given message with the given level.</doc>
<arguments>
<arg>${value}</arg>
</arguments>
<msg timestamp="20200801 00:08:34.304" level="INFO">10</msg>
<status status="PASS" starttime="20200801 00:08:34.304" endtime="20200801 00:08:34.304"></status>
</kw>
<status status="PASS" starttime="20200801 00:08:34.302" endtime="20200801 00:08:34.305"></status>
</kw>
<kw name="When sending it as request in &quot;portuguese&quot;" library="resources">
<kw name="Get Req" library="helper">
<arguments>
<arg>${value}</arg>
<arg>${language}</arg>
</arguments>
<assign>
<var>${response}</var>
</assign>
<msg timestamp="20200801 00:08:34.360" level="INFO">${response} = &lt;Response [200]&gt;</msg>
<status status="PASS" starttime="20200801 00:08:34.306" endtime="20200801 00:08:34.360"></status>
</kw>
<kw name="Log" library="BuiltIn">
<doc>Logs the given message with the given level.</doc>
<arguments>
<arg>${response}</arg>
</arguments>
<msg timestamp="20200801 00:08:34.361" level="INFO">&lt;Response [200]&gt;</msg>
<status status="PASS" starttime="20200801 00:08:34.361" endtime="20200801 00:08:34.361"></status>
</kw>
<kw name="Set Suite Variable" library="BuiltIn">
<doc>Makes a variable available everywhere within the scope of the current suite.</doc>
<arguments>
<arg>${response}</arg>
</arguments>
<msg timestamp="20200801 00:08:34.363" level="INFO">${response} = &lt;Response [200]&gt;</msg>
<status status="PASS" starttime="20200801 00:08:34.362" endtime="20200801 00:08:34.363"></status>
</kw>
<status status="PASS" starttime="20200801 00:08:34.305" endtime="20200801 00:08:34.363"></status>
</kw>
<kw name="Then response should be a json" library="resources">
<kw name="Evaluate Response" library="helper">
<arguments>
<arg>${response}</arg>
</arguments>
<assign>
<var>${check_response}</var>
</assign>
<msg timestamp="20200801 00:08:34.365" level="INFO">&lt;Response [200]&gt;</msg>
<msg timestamp="20200801 00:08:34.365" level="INFO">${check_response} = dez</msg>
<status status="PASS" starttime="20200801 00:08:34.364" endtime="20200801 00:08:34.365"></status>
</kw>
<kw name="Set Suite Variable" library="BuiltIn">
<doc>Makes a variable available everywhere within the scope of the current suite.</doc>
<arguments>
<arg>${check_response}</arg>
</arguments>
<msg timestamp="20200801 00:08:34.366" level="INFO">${check_response} = dez</msg>
<status status="PASS" starttime="20200801 00:08:34.366" endtime="20200801 00:08:34.367"></status>
</kw>
<status status="PASS" starttime="20200801 00:08:34.364" endtime="20200801 00:08:34.367"></status>
</kw>
<kw name="And response json key &quot;extenso&quot; should be &quot;dez&quot;" library="resources">
<kw name="Should Be Equal" library="BuiltIn">
<doc>Fails if the given objects are unequal.</doc>
<arguments>
<arg>${check_response}</arg>
<arg>${value}</arg>
</arguments>
<status status="PASS" starttime="20200801 00:08:34.369" endtime="20200801 00:08:34.369"></status>
</kw>
<status status="PASS" starttime="20200801 00:08:34.368" endtime="20200801 00:08:34.370"></status>
</kw>
<status status="PASS" starttime="20200801 00:08:34.301" endtime="20200801 00:08:34.370" critical="yes"></status>
</test>
<test id="s1-s1-t2" name="Sending negative valid number and getting it in portuguese">
<kw name="Given I want the number &quot;-10&quot; written in cursive" library="resources">
<kw name="Set Suite Variable" library="BuiltIn">
<doc>Makes a variable available everywhere within the scope of the current suite.</doc>
<arguments>
<arg>${value}</arg>
<arg>${value}</arg>
</arguments>
<msg timestamp="20200801 00:08:34.374" level="INFO">${value} = -10</msg>
<status status="PASS" starttime="20200801 00:08:34.374" endtime="20200801 00:08:34.375"></status>
</kw>
<kw name="Log" library="BuiltIn">
<doc>Logs the given message with the given level.</doc>
<arguments>
<arg>${value}</arg>
</arguments>
<msg timestamp="20200801 00:08:34.375" level="INFO">-10</msg>
<status status="PASS" starttime="20200801 00:08:34.375" endtime="20200801 00:08:34.375"></status>
</kw>
<status status="PASS" starttime="20200801 00:08:34.373" endtime="20200801 00:08:34.376"></status>
</kw>
<kw name="When sending it as request in &quot;portuguese&quot;" library="resources">
<kw name="Get Req" library="helper">
<arguments>
<arg>${value}</arg>
<arg>${language}</arg>
</arguments>
<assign>
<var>${response}</var>
</assign>
<msg timestamp="20200801 00:08:34.422" level="INFO">${response} = &lt;Response [200]&gt;</msg>
<status status="PASS" starttime="20200801 00:08:34.377" endtime="20200801 00:08:34.422"></status>
</kw>
<kw name="Log" library="BuiltIn">
<doc>Logs the given message with the given level.</doc>
<arguments>
<arg>${response}</arg>
</arguments>
<msg timestamp="20200801 00:08:34.423" level="INFO">&lt;Response [200]&gt;</msg>
<status status="PASS" starttime="20200801 00:08:34.422" endtime="20200801 00:08:34.423"></status>
</kw>
<kw name="Set Suite Variable" library="BuiltIn">
<doc>Makes a variable available everywhere within the scope of the current suite.</doc>
<arguments>
<arg>${response}</arg>
</arguments>
<msg timestamp="20200801 00:08:34.424" level="INFO">${response} = &lt;Response [200]&gt;</msg>
<status status="PASS" starttime="20200801 00:08:34.423" endtime="20200801 00:08:34.425"></status>
</kw>
<status status="PASS" starttime="20200801 00:08:34.376" endtime="20200801 00:08:34.425"></status>
</kw>
<kw name="Then response should be a json" library="resources">
<kw name="Evaluate Response" library="helper">
<arguments>
<arg>${response}</arg>
</arguments>
<assign>
<var>${check_response}</var>
</assign>
<msg timestamp="20200801 00:08:34.427" level="INFO">&lt;Response [200]&gt;</msg>
<msg timestamp="20200801 00:08:34.427" level="INFO">${check_response} = menos dez</msg>
<status status="PASS" starttime="20200801 00:08:34.426" endtime="20200801 00:08:34.427"></status>
</kw>
<kw name="Set Suite Variable" library="BuiltIn">
<doc>Makes a variable available everywhere within the scope of the current suite.</doc>
<arguments>
<arg>${check_response}</arg>
</arguments>
<msg timestamp="20200801 00:08:34.428" level="INFO">${check_response} = menos dez</msg>
<status status="PASS" starttime="20200801 00:08:34.427" endtime="20200801 00:08:34.428"></status>
</kw>
<status status="PASS" starttime="20200801 00:08:34.425" endtime="20200801 00:08:34.428"></status>
</kw>
<kw name="And response json key &quot;extenso&quot; should be &quot;menos dez&quot;" library="resources">
<kw name="Should Be Equal" library="BuiltIn">
<doc>Fails if the given objects are unequal.</doc>
<arguments>
<arg>${check_response}</arg>
<arg>${value}</arg>
</arguments>
<status status="PASS" starttime="20200801 00:08:34.429" endtime="20200801 00:08:34.429"></status>
</kw>
<status status="PASS" starttime="20200801 00:08:34.428" endtime="20200801 00:08:34.429"></status>
</kw>
<status status="PASS" starttime="20200801 00:08:34.372" endtime="20200801 00:08:34.429" critical="yes"></status>
</test>
<test id="s1-s1-t3" name="Sending last positive valid number and getting it in portuguese">
<kw name="Given I want the number &quot;99999&quot; written in cursive" library="resources">
<kw name="Set Suite Variable" library="BuiltIn">
<doc>Makes a variable available everywhere within the scope of the current suite.</doc>
<arguments>
<arg>${value}</arg>
<arg>${value}</arg>
</arguments>
<msg timestamp="20200801 00:08:34.432" level="INFO">${value} = 99999</msg>
<status status="PASS" starttime="20200801 00:08:34.432" endtime="20200801 00:08:34.432"></status>
</kw>
<kw name="Log" library="BuiltIn">
<doc>Logs the given message with the given level.</doc>
<arguments>
<arg>${value}</arg>
</arguments>
<msg timestamp="20200801 00:08:34.433" level="INFO">99999</msg>
<status status="PASS" starttime="20200801 00:08:34.433" endtime="20200801 00:08:34.433"></status>
</kw>
<status status="PASS" starttime="20200801 00:08:34.431" endtime="20200801 00:08:34.434"></status>
</kw>
<kw name="When sending it as request in &quot;portuguese&quot;" library="resources">
<kw name="Get Req" library="helper">
<arguments>
<arg>${value}</arg>
<arg>${language}</arg>
</arguments>
<assign>
<var>${response}</var>
</assign>
<msg timestamp="20200801 00:08:34.504" level="INFO">${response} = &lt;Response [200]&gt;</msg>
<status status="PASS" starttime="20200801 00:08:34.435" endtime="20200801 00:08:34.504"></status>
</kw>
<kw name="Log" library="BuiltIn">
<doc>Logs the given message with the given level.</doc>
<arguments>
<arg>${response}</arg>
</arguments>
<msg timestamp="20200801 00:08:34.504" level="INFO">&lt;Response [200]&gt;</msg>
<status status="PASS" starttime="20200801 00:08:34.504" endtime="20200801 00:08:34.504"></status>
</kw>
<kw name="Set Suite Variable" library="BuiltIn">
<doc>Makes a variable available everywhere within the scope of the current suite.</doc>
<arguments>
<arg>${response}</arg>
</arguments>
<msg timestamp="20200801 00:08:34.505" level="INFO">${response} = &lt;Response [200]&gt;</msg>
<status status="PASS" starttime="20200801 00:08:34.504" endtime="20200801 00:08:34.505"></status>
</kw>
<status status="PASS" starttime="20200801 00:08:34.434" endtime="20200801 00:08:34.505"></status>
</kw>
<kw name="Then response should be a json" library="resources">
<kw name="Evaluate Response" library="helper">
<arguments>
<arg>${response}</arg>
</arguments>
<assign>
<var>${check_response}</var>
</assign>
<msg timestamp="20200801 00:08:34.506" level="INFO">&lt;Response [200]&gt;</msg>
<msg timestamp="20200801 00:08:34.506" level="INFO">${check_response} = noventa e nove mil e novecentos e noventa e nove</msg>
<status status="PASS" starttime="20200801 00:08:34.506" endtime="20200801 00:08:34.506"></status>
</kw>
<kw name="Set Suite Variable" library="BuiltIn">
<doc>Makes a variable available everywhere within the scope of the current suite.</doc>
<arguments>
<arg>${check_response}</arg>
</arguments>
<msg timestamp="20200801 00:08:34.507" level="INFO">${check_response} = noventa e nove mil e novecentos e noventa e nove</msg>
<status status="PASS" starttime="20200801 00:08:34.506" endtime="20200801 00:08:34.507"></status>
</kw>
<status status="PASS" starttime="20200801 00:08:34.505" endtime="20200801 00:08:34.507"></status>
</kw>
<kw name="And response json key &quot;extenso&quot; should be &quot;noventa e nove mil e novecentos e noventa e nove&quot;" library="resources">
<kw name="Should Be Equal" library="BuiltIn">
<doc>Fails if the given objects are unequal.</doc>
<arguments>
<arg>${check_response}</arg>
<arg>${value}</arg>
</arguments>
<status status="PASS" starttime="20200801 00:08:34.507" endtime="20200801 00:08:34.508"></status>
</kw>
<status status="PASS" starttime="20200801 00:08:34.507" endtime="20200801 00:08:34.508"></status>
</kw>
<status status="PASS" starttime="20200801 00:08:34.430" endtime="20200801 00:08:34.508" critical="yes"></status>
</test>
<test id="s1-s1-t4" name="Sending first negative valid number and getting it in portuguese">
<kw name="Given I want the number &quot;-99999&quot; written in cursive" library="resources">
<kw name="Set Suite Variable" library="BuiltIn">
<doc>Makes a variable available everywhere within the scope of the current suite.</doc>
<arguments>
<arg>${value}</arg>
<arg>${value}</arg>
</arguments>
<msg timestamp="20200801 00:08:34.510" level="INFO">${value} = -99999</msg>
<status status="PASS" starttime="20200801 00:08:34.510" endtime="20200801 00:08:34.510"></status>
</kw>
<kw name="Log" library="BuiltIn">
<doc>Logs the given message with the given level.</doc>
<arguments>
<arg>${value}</arg>
</arguments>
<msg timestamp="20200801 00:08:34.510" level="INFO">-99999</msg>
<status status="PASS" starttime="20200801 00:08:34.510" endtime="20200801 00:08:34.511"></status>
</kw>
<status status="PASS" starttime="20200801 00:08:34.509" endtime="20200801 00:08:34.511"></status>
</kw>
<kw name="When sending it as request in &quot;portuguese&quot;" library="resources">
<kw name="Get Req" library="helper">
<arguments>
<arg>${value}</arg>
<arg>${language}</arg>
</arguments>
<assign>
<var>${response}</var>
</assign>
<msg timestamp="20200801 00:08:34.548" level="INFO">${response} = &lt;Response [200]&gt;</msg>
<status status="PASS" starttime="20200801 00:08:34.511" endtime="20200801 00:08:34.548"></status>
</kw>
<kw name="Log" library="BuiltIn">
<doc>Logs the given message with the given level.</doc>
<arguments>
<arg>${response}</arg>
</arguments>
<msg timestamp="20200801 00:08:34.548" level="INFO">&lt;Response [200]&gt;</msg>
<status status="PASS" starttime="20200801 00:08:34.548" endtime="20200801 00:08:34.548"></status>
</kw>
<kw name="Set Suite Variable" library="BuiltIn">
<doc>Makes a variable available everywhere within the scope of the current suite.</doc>
<arguments>
<arg>${response}</arg>
</arguments>
<msg timestamp="20200801 00:08:34.549" level="INFO">${response} = &lt;Response [200]&gt;</msg>
<status status="PASS" starttime="20200801 00:08:34.548" endtime="20200801 00:08:34.549"></status>
</kw>
<status status="PASS" starttime="20200801 00:08:34.511" endtime="20200801 00:08:34.549"></status>
</kw>
<kw name="Then response should be a json" library="resources">
<kw name="Evaluate Response" library="helper">
<arguments>
<arg>${response}</arg>
</arguments>
<assign>
<var>${check_response}</var>
</assign>
<msg timestamp="20200801 00:08:34.550" level="INFO">&lt;Response [200]&gt;</msg>
<msg timestamp="20200801 00:08:34.550" level="INFO">${check_response} = menos noventa e nove mil e novecentos e noventa e nove</msg>
<status status="PASS" starttime="20200801 00:08:34.550" endtime="20200801 00:08:34.550"></status>
</kw>
<kw name="Set Suite Variable" library="BuiltIn">
<doc>Makes a variable available everywhere within the scope of the current suite.</doc>
<arguments>
<arg>${check_response}</arg>
</arguments>
<msg timestamp="20200801 00:08:34.551" level="INFO">${check_response} = menos noventa e nove mil e novecentos e noventa e nove</msg>
<status status="PASS" starttime="20200801 00:08:34.550" endtime="20200801 00:08:34.551"></status>
</kw>
<status status="PASS" starttime="20200801 00:08:34.549" endtime="20200801 00:08:34.551"></status>
</kw>
<kw name="And response json key &quot;extenso&quot; should be &quot;menos noventa e nove mil e novecentos e noventa e nove&quot;" library="resources">
<kw name="Should Be Equal" library="BuiltIn">
<doc>Fails if the given objects are unequal.</doc>
<arguments>
<arg>${check_response}</arg>
<arg>${value}</arg>
</arguments>
<status status="PASS" starttime="20200801 00:08:34.552" endtime="20200801 00:08:34.552"></status>
</kw>
<status status="PASS" starttime="20200801 00:08:34.551" endtime="20200801 00:08:34.552"></status>
</kw>
<status status="PASS" starttime="20200801 00:08:34.508" endtime="20200801 00:08:34.552" critical="yes"></status>
</test>
<test id="s1-s1-t5" name="Sending invalid positive number and getting an error message on portuguese API">
<kw name="Given I want the number &quot;100000&quot; written in cursive" library="resources">
<kw name="Set Suite Variable" library="BuiltIn">
<doc>Makes a variable available everywhere within the scope of the current suite.</doc>
<arguments>
<arg>${value}</arg>
<arg>${value}</arg>
</arguments>
<msg timestamp="20200801 00:08:34.555" level="INFO">${value} = 100000</msg>
<status status="PASS" starttime="20200801 00:08:34.554" endtime="20200801 00:08:34.556"></status>
</kw>
<kw name="Log" library="BuiltIn">
<doc>Logs the given message with the given level.</doc>
<arguments>
<arg>${value}</arg>
</arguments>
<msg timestamp="20200801 00:08:34.557" level="INFO">100000</msg>
<status status="PASS" starttime="20200801 00:08:34.556" endtime="20200801 00:08:34.557"></status>
</kw>
<status status="PASS" starttime="20200801 00:08:34.554" endtime="20200801 00:08:34.557"></status>
</kw>
<kw name="When sending it as request in &quot;portuguese&quot;" library="resources">
<kw name="Get Req" library="helper">
<arguments>
<arg>${value}</arg>
<arg>${language}</arg>
</arguments>
<assign>
<var>${response}</var>
</assign>
<msg timestamp="20200801 00:08:34.674" level="INFO">${response} = &lt;Response [200]&gt;</msg>
<status status="PASS" starttime="20200801 00:08:34.562" endtime="20200801 00:08:34.675"></status>
</kw>
<kw name="Log" library="BuiltIn">
<doc>Logs the given message with the given level.</doc>
<arguments>
<arg>${response}</arg>
</arguments>
<msg timestamp="20200801 00:08:34.675" level="INFO">&lt;Response [200]&gt;</msg>
<status status="PASS" starttime="20200801 00:08:34.675" endtime="20200801 00:08:34.676"></status>
</kw>
<kw name="Set Suite Variable" library="BuiltIn">
<doc>Makes a variable available everywhere within the scope of the current suite.</doc>
<arguments>
<arg>${response}</arg>
</arguments>
<msg timestamp="20200801 00:08:34.678" level="INFO">${response} = &lt;Response [200]&gt;</msg>
<status status="PASS" starttime="20200801 00:08:34.676" endtime="20200801 00:08:34.678"></status>
</kw>
<status status="PASS" starttime="20200801 00:08:34.558" endtime="20200801 00:08:34.678"></status>
</kw>
<kw name="Then response should be a json" library="resources">
<kw name="Evaluate Response" library="helper">
<arguments>
<arg>${response}</arg>
</arguments>
<assign>
<var>${check_response}</var>
</assign>
<msg timestamp="20200801 00:08:34.679" level="INFO">&lt;Response [200]&gt;</msg>
<msg timestamp="20200801 00:08:34.680" level="FAIL">Response is not a json</msg>
<status status="FAIL" starttime="20200801 00:08:34.679" endtime="20200801 00:08:34.680"></status>
</kw>
<status status="FAIL" starttime="20200801 00:08:34.678" endtime="20200801 00:08:34.680"></status>
</kw>
<status status="FAIL" starttime="20200801 00:08:34.553" endtime="20200801 00:08:34.680" critical="yes">Response is not a json</status>
</test>
<test id="s1-s1-t6" name="Sending invalid negative number and getting an error message on portuguese API">
<kw name="Given I want the number &quot;-100000&quot; written in cursive" library="resources">
<kw name="Set Suite Variable" library="BuiltIn">
<doc>Makes a variable available everywhere within the scope of the current suite.</doc>
<arguments>
<arg>${value}</arg>
<arg>${value}</arg>
</arguments>
<msg timestamp="20200801 00:08:34.682" level="INFO">${value} = -100000</msg>
<status status="PASS" starttime="20200801 00:08:34.682" endtime="20200801 00:08:34.683"></status>
</kw>
<kw name="Log" library="BuiltIn">
<doc>Logs the given message with the given level.</doc>
<arguments>
<arg>${value}</arg>
</arguments>
<msg timestamp="20200801 00:08:34.683" level="INFO">-100000</msg>
<status status="PASS" starttime="20200801 00:08:34.683" endtime="20200801 00:08:34.683"></status>
</kw>
<status status="PASS" starttime="20200801 00:08:34.681" endtime="20200801 00:08:34.683"></status>
</kw>
<kw name="When sending it as request in &quot;portuguese&quot;" library="resources">
<kw name="Get Req" library="helper">
<arguments>
<arg>${value}</arg>
<arg>${language}</arg>
</arguments>
<assign>
<var>${response}</var>
</assign>
<msg timestamp="20200801 00:08:34.799" level="INFO">${response} = &lt;Response [200]&gt;</msg>
<status status="PASS" starttime="20200801 00:08:34.684" endtime="20200801 00:08:34.799"></status>
</kw>
<kw name="Log" library="BuiltIn">
<doc>Logs the given message with the given level.</doc>
<arguments>
<arg>${response}</arg>
</arguments>
<msg timestamp="20200801 00:08:34.800" level="INFO">&lt;Response [200]&gt;</msg>
<status status="PASS" starttime="20200801 00:08:34.799" endtime="20200801 00:08:34.800"></status>
</kw>
<kw name="Set Suite Variable" library="BuiltIn">
<doc>Makes a variable available everywhere within the scope of the current suite.</doc>
<arguments>
<arg>${response}</arg>
</arguments>
<msg timestamp="20200801 00:08:34.802" level="INFO">${response} = &lt;Response [200]&gt;</msg>
<status status="PASS" starttime="20200801 00:08:34.801" endtime="20200801 00:08:34.803"></status>
</kw>
<status status="PASS" starttime="20200801 00:08:34.683" endtime="20200801 00:08:34.803"></status>
</kw>
<kw name="Then response should be a json" library="resources">
<kw name="Evaluate Response" library="helper">
<arguments>
<arg>${response}</arg>
</arguments>
<assign>
<var>${check_response}</var>
</assign>
<msg timestamp="20200801 00:08:34.807" level="INFO">&lt;Response [200]&gt;</msg>
<msg timestamp="20200801 00:08:34.807" level="FAIL">Response is not a json</msg>
<status status="FAIL" starttime="20200801 00:08:34.805" endtime="20200801 00:08:34.807"></status>
</kw>
<status status="FAIL" starttime="20200801 00:08:34.804" endtime="20200801 00:08:34.807"></status>
</kw>
<status status="FAIL" starttime="20200801 00:08:34.681" endtime="20200801 00:08:34.808" critical="yes">Response is not a json</status>
</test>
<test id="s1-s1-t7" name="Sending invalid parameter and getting an error message on portuguese API">
<kw name="Given I want to send invalid value &quot;abc&quot;" library="resources">
<kw name="Set Suite Variable" library="BuiltIn">
<doc>Makes a variable available everywhere within the scope of the current suite.</doc>
<arguments>
<arg>${value}</arg>
<arg>${value}</arg>
</arguments>
<msg timestamp="20200801 00:08:34.811" level="INFO">${value} = abc</msg>
<status status="PASS" starttime="20200801 00:08:34.811" endtime="20200801 00:08:34.811"></status>
</kw>
<kw name="Log" library="BuiltIn">
<doc>Logs the given message with the given level.</doc>
<arguments>
<arg>${value}</arg>
</arguments>
<msg timestamp="20200801 00:08:34.812" level="INFO">abc</msg>
<status status="PASS" starttime="20200801 00:08:34.812" endtime="20200801 00:08:34.812"></status>
</kw>
<status status="PASS" starttime="20200801 00:08:34.810" endtime="20200801 00:08:34.812"></status>
</kw>
<kw name="When sending it as request in &quot;portuguese&quot;" library="resources">
<kw name="Get Req" library="helper">
<arguments>
<arg>${value}</arg>
<arg>${language}</arg>
</arguments>
<assign>
<var>${response}</var>
</assign>
<msg timestamp="20200801 00:08:34.847" level="INFO">${response} = &lt;Response [200]&gt;</msg>
<status status="PASS" starttime="20200801 00:08:34.813" endtime="20200801 00:08:34.847"></status>
</kw>
<kw name="Log" library="BuiltIn">
<doc>Logs the given message with the given level.</doc>
<arguments>
<arg>${response}</arg>
</arguments>
<msg timestamp="20200801 00:08:34.848" level="INFO">&lt;Response [200]&gt;</msg>
<status status="PASS" starttime="20200801 00:08:34.848" endtime="20200801 00:08:34.848"></status>
</kw>
<kw name="Set Suite Variable" library="BuiltIn">
<doc>Makes a variable available everywhere within the scope of the current suite.</doc>
<arguments>
<arg>${response}</arg>
</arguments>
<msg timestamp="20200801 00:08:34.849" level="INFO">${response} = &lt;Response [200]&gt;</msg>
<status status="PASS" starttime="20200801 00:08:34.849" endtime="20200801 00:08:34.850"></status>
</kw>
<status status="PASS" starttime="20200801 00:08:34.812" endtime="20200801 00:08:34.850"></status>
</kw>
<kw name="Then response should be a json" library="resources">
<kw name="Evaluate Response" library="helper">
<arguments>
<arg>${response}</arg>
</arguments>
<assign>
<var>${check_response}</var>
</assign>
<msg timestamp="20200801 00:08:34.852" level="INFO">&lt;Response [200]&gt;</msg>
<msg timestamp="20200801 00:08:34.853" level="FAIL">Response is not a json</msg>
<status status="FAIL" starttime="20200801 00:08:34.851" endtime="20200801 00:08:34.853"></status>
</kw>
<status status="FAIL" starttime="20200801 00:08:34.850" endtime="20200801 00:08:34.854"></status>
</kw>
<status status="FAIL" starttime="20200801 00:08:34.808" endtime="20200801 00:08:34.854" critical="yes">Response is not a json</status>
</test>
<test id="s1-s1-t8" name="Sending positive valid number and getting it in english">
<kw name="Given I want the number &quot;10&quot; written in cursive" library="resources">
<kw name="Set Suite Variable" library="BuiltIn">
<doc>Makes a variable available everywhere within the scope of the current suite.</doc>
<arguments>
<arg>${value}</arg>
<arg>${value}</arg>
</arguments>
<msg timestamp="20200801 00:08:34.858" level="INFO">${value} = 10</msg>
<status status="PASS" starttime="20200801 00:08:34.857" endtime="20200801 00:08:34.858"></status>
</kw>
<kw name="Log" library="BuiltIn">
<doc>Logs the given message with the given level.</doc>
<arguments>
<arg>${value}</arg>
</arguments>
<msg timestamp="20200801 00:08:34.859" level="INFO">10</msg>
<status status="PASS" starttime="20200801 00:08:34.858" endtime="20200801 00:08:34.859"></status>
</kw>
<status status="PASS" starttime="20200801 00:08:34.857" endtime="20200801 00:08:34.860"></status>
</kw>
<kw name="When sending it as request in &quot;english&quot;" library="resources">
<kw name="Get Req" library="helper">
<arguments>
<arg>${value}</arg>
<arg>${language}</arg>
</arguments>
<assign>
<var>${response}</var>
</assign>
<msg timestamp="20200801 00:08:34.979" level="INFO">${response} = &lt;Response [200]&gt;</msg>
<status status="PASS" starttime="20200801 00:08:34.861" endtime="20200801 00:08:34.979"></status>
</kw>
<kw name="Log" library="BuiltIn">
<doc>Logs the given message with the given level.</doc>
<arguments>
<arg>${response}</arg>
</arguments>
<msg timestamp="20200801 00:08:34.980" level="INFO">&lt;Response [200]&gt;</msg>
<status status="PASS" starttime="20200801 00:08:34.979" endtime="20200801 00:08:34.980"></status>
</kw>
<kw name="Set Suite Variable" library="BuiltIn">
<doc>Makes a variable available everywhere within the scope of the current suite.</doc>
<arguments>
<arg>${response}</arg>
</arguments>
<msg timestamp="20200801 00:08:34.982" level="INFO">${response} = &lt;Response [200]&gt;</msg>
<status status="PASS" starttime="20200801 00:08:34.981" endtime="20200801 00:08:34.982"></status>
</kw>
<status status="PASS" starttime="20200801 00:08:34.860" endtime="20200801 00:08:34.983"></status>
</kw>
<kw name="Then response should be a json" library="resources">
<kw name="Evaluate Response" library="helper">
<arguments>
<arg>${response}</arg>
</arguments>
<assign>
<var>${check_response}</var>
</assign>
<msg timestamp="20200801 00:08:34.985" level="INFO">&lt;Response [200]&gt;</msg>
<msg timestamp="20200801 00:08:34.985" level="INFO">${check_response} = None</msg>
<status status="PASS" starttime="20200801 00:08:34.985" endtime="20200801 00:08:34.985"></status>
</kw>
<kw name="Set Suite Variable" library="BuiltIn">
<doc>Makes a variable available everywhere within the scope of the current suite.</doc>
<arguments>
<arg>${check_response}</arg>
</arguments>
<msg timestamp="20200801 00:08:34.986" level="INFO">${check_response} = None</msg>
<status status="PASS" starttime="20200801 00:08:34.986" endtime="20200801 00:08:34.986"></status>
</kw>
<status status="PASS" starttime="20200801 00:08:34.984" endtime="20200801 00:08:34.987"></status>
</kw>
<kw name="And response json key &quot;extenso&quot; should be &quot;ten&quot;" library="resources">
<kw name="Should Be Equal" library="BuiltIn">
<doc>Fails if the given objects are unequal.</doc>
<arguments>
<arg>${check_response}</arg>
<arg>${value}</arg>
</arguments>
<msg timestamp="20200801 00:08:34.988" level="INFO">Argument types are:
&lt;class 'NoneType'&gt;
&lt;type 'unicode'&gt;</msg>
<msg timestamp="20200801 00:08:34.988" level="FAIL">None != ten</msg>
<status status="FAIL" starttime="20200801 00:08:34.988" endtime="20200801 00:08:34.988"></status>
</kw>
<status status="FAIL" starttime="20200801 00:08:34.987" endtime="20200801 00:08:34.988"></status>
</kw>
<status status="FAIL" starttime="20200801 00:08:34.855" endtime="20200801 00:08:34.989" critical="yes">None != ten</status>
</test>
<test id="s1-s1-t9" name="Sending negative valid number and getting it in english">
<kw name="Given I want the number &quot;-10&quot; written in cursive" library="resources">
<kw name="Set Suite Variable" library="BuiltIn">
<doc>Makes a variable available everywhere within the scope of the current suite.</doc>
<arguments>
<arg>${value}</arg>
<arg>${value}</arg>
</arguments>
<msg timestamp="20200801 00:08:34.990" level="INFO">${value} = -10</msg>
<status status="PASS" starttime="20200801 00:08:34.990" endtime="20200801 00:08:34.990"></status>
</kw>
<kw name="Log" library="BuiltIn">
<doc>Logs the given message with the given level.</doc>
<arguments>
<arg>${value}</arg>
</arguments>
<msg timestamp="20200801 00:08:34.990" level="INFO">-10</msg>
<status status="PASS" starttime="20200801 00:08:34.990" endtime="20200801 00:08:34.991"></status>
</kw>
<status status="PASS" starttime="20200801 00:08:34.989" endtime="20200801 00:08:34.991"></status>
</kw>
<kw name="When sending it as request in &quot;english&quot;" library="resources">
<kw name="Get Req" library="helper">
<arguments>
<arg>${value}</arg>
<arg>${language}</arg>
</arguments>
<assign>
<var>${response}</var>
</assign>
<msg timestamp="20200801 00:08:35.053" level="INFO">${response} = &lt;Response [200]&gt;</msg>
<status status="PASS" starttime="20200801 00:08:34.991" endtime="20200801 00:08:35.053"></status>
</kw>
<kw name="Log" library="BuiltIn">
<doc>Logs the given message with the given level.</doc>
<arguments>
<arg>${response}</arg>
</arguments>
<msg timestamp="20200801 00:08:35.054" level="INFO">&lt;Response [200]&gt;</msg>
<status status="PASS" starttime="20200801 00:08:35.054" endtime="20200801 00:08:35.054"></status>
</kw>
<kw name="Set Suite Variable" library="BuiltIn">
<doc>Makes a variable available everywhere within the scope of the current suite.</doc>
<arguments>
<arg>${response}</arg>
</arguments>
<msg timestamp="20200801 00:08:35.055" level="INFO">${response} = &lt;Response [200]&gt;</msg>
<status status="PASS" starttime="20200801 00:08:35.054" endtime="20200801 00:08:35.055"></status>
</kw>
<status status="PASS" starttime="20200801 00:08:34.991" endtime="20200801 00:08:35.056"></status>
</kw>
<kw name="Then response should be a json" library="resources">
<kw name="Evaluate Response" library="helper">
<arguments>
<arg>${response}</arg>
</arguments>
<assign>
<var>${check_response}</var>
</assign>
<msg timestamp="20200801 00:08:35.058" level="INFO">&lt;Response [200]&gt;</msg>
<msg timestamp="20200801 00:08:35.058" level="INFO">${check_response} = None</msg>
<status status="PASS" starttime="20200801 00:08:35.057" endtime="20200801 00:08:35.058"></status>
</kw>
<kw name="Set Suite Variable" library="BuiltIn">
<doc>Makes a variable available everywhere within the scope of the current suite.</doc>
<arguments>
<arg>${check_response}</arg>
</arguments>
<msg timestamp="20200801 00:08:35.060" level="INFO">${check_response} = None</msg>
<status status="PASS" starttime="20200801 00:08:35.059" endtime="20200801 00:08:35.060"></status>
</kw>
<status status="PASS" starttime="20200801 00:08:35.056" endtime="20200801 00:08:35.061"></status>
</kw>
<kw name="And response json key &quot;extenso&quot; should be &quot;minus ten&quot;" library="resources">
<kw name="Should Be Equal" library="BuiltIn">
<doc>Fails if the given objects are unequal.</doc>
<arguments>
<arg>${check_response}</arg>
<arg>${value}</arg>
</arguments>
<msg timestamp="20200801 00:08:35.063" level="INFO">Argument types are:
&lt;class 'NoneType'&gt;
&lt;type 'unicode'&gt;</msg>
<msg timestamp="20200801 00:08:35.064" level="FAIL">None != minus ten</msg>
<status status="FAIL" starttime="20200801 00:08:35.063" endtime="20200801 00:08:35.064"></status>
</kw>
<status status="FAIL" starttime="20200801 00:08:35.061" endtime="20200801 00:08:35.064"></status>
</kw>
<status status="FAIL" starttime="20200801 00:08:34.989" endtime="20200801 00:08:35.065" critical="yes">None != minus ten</status>
</test>
<test id="s1-s1-t10" name="Sending last positive valid number and getting it in english">
<kw name="Given I want the number &quot;99999&quot; written in cursive" library="resources">
<kw name="Set Suite Variable" library="BuiltIn">
<doc>Makes a variable available everywhere within the scope of the current suite.</doc>
<arguments>
<arg>${value}</arg>
<arg>${value}</arg>
</arguments>
<msg timestamp="20200801 00:08:35.069" level="INFO">${value} = 99999</msg>
<status status="PASS" starttime="20200801 00:08:35.068" endtime="20200801 00:08:35.069"></status>
</kw>
<kw name="Log" library="BuiltIn">
<doc>Logs the given message with the given level.</doc>
<arguments>
<arg>${value}</arg>
</arguments>
<msg timestamp="20200801 00:08:35.070" level="INFO">99999</msg>
<status status="PASS" starttime="20200801 00:08:35.069" endtime="20200801 00:08:35.070"></status>
</kw>
<status status="PASS" starttime="20200801 00:08:35.067" endtime="20200801 00:08:35.070"></status>
</kw>
<kw name="When sending it as request in &quot;english&quot;" library="resources">
<kw name="Get Req" library="helper">
<arguments>
<arg>${value}</arg>
<arg>${language}</arg>
</arguments>
<assign>
<var>${response}</var>
</assign>
<msg timestamp="20200801 00:08:35.137" level="INFO">${response} = &lt;Response [200]&gt;</msg>
<status status="PASS" starttime="20200801 00:08:35.071" endtime="20200801 00:08:35.138"></status>
</kw>
<kw name="Log" library="BuiltIn">
<doc>Logs the given message with the given level.</doc>
<arguments>
<arg>${response}</arg>
</arguments>
<msg timestamp="20200801 00:08:35.138" level="INFO">&lt;Response [200]&gt;</msg>
<status status="PASS" starttime="20200801 00:08:35.138" endtime="20200801 00:08:35.138"></status>
</kw>
<kw name="Set Suite Variable" library="BuiltIn">
<doc>Makes a variable available everywhere within the scope of the current suite.</doc>
<arguments>
<arg>${response}</arg>
</arguments>
<msg timestamp="20200801 00:08:35.139" level="INFO">${response} = &lt;Response [200]&gt;</msg>
<status status="PASS" starttime="20200801 00:08:35.138" endtime="20200801 00:08:35.139"></status>
</kw>
<status status="PASS" starttime="20200801 00:08:35.071" endtime="20200801 00:08:35.139"></status>
</kw>
<kw name="Then response should be a json" library="resources">
<kw name="Evaluate Response" library="helper">
<arguments>
<arg>${response}</arg>
</arguments>
<assign>
<var>${check_response}</var>
</assign>
<msg timestamp="20200801 00:08:35.140" level="INFO">&lt;Response [200]&gt;</msg>
<msg timestamp="20200801 00:08:35.140" level="INFO">${check_response} = None</msg>
<status status="PASS" starttime="20200801 00:08:35.140" endtime="20200801 00:08:35.140"></status>
</kw>
<kw name="Set Suite Variable" library="BuiltIn">
<doc>Makes a variable available everywhere within the scope of the current suite.</doc>
<arguments>
<arg>${check_response}</arg>
</arguments>
<msg timestamp="20200801 00:08:35.141" level="INFO">${check_response} = None</msg>
<status status="PASS" starttime="20200801 00:08:35.140" endtime="20200801 00:08:35.141"></status>
</kw>
<status status="PASS" starttime="20200801 00:08:35.139" endtime="20200801 00:08:35.141"></status>
</kw>
<kw name="And response json key &quot;extenso&quot; should be &quot;nine thousand nine hundred ninety-nine&quot;" library="resources">
<kw name="Should Be Equal" library="BuiltIn">
<doc>Fails if the given objects are unequal.</doc>
<arguments>
<arg>${check_response}</arg>
<arg>${value}</arg>
</arguments>
<msg timestamp="20200801 00:08:35.142" level="INFO">Argument types are:
&lt;class 'NoneType'&gt;
&lt;type 'unicode'&gt;</msg>
<msg timestamp="20200801 00:08:35.143" level="FAIL">None != nine thousand nine hundred ninety-nine</msg>
<status status="FAIL" starttime="20200801 00:08:35.142" endtime="20200801 00:08:35.143"></status>
</kw>
<status status="FAIL" starttime="20200801 00:08:35.142" endtime="20200801 00:08:35.143"></status>
</kw>
<status status="FAIL" starttime="20200801 00:08:35.065" endtime="20200801 00:08:35.143" critical="yes">None != nine thousand nine hundred ninety-nine</status>
</test>
<test id="s1-s1-t11" name="Sending first negative valid number and getting it in english">
<kw name="Given I want the number &quot;-99999&quot; written in cursive" library="resources">
<kw name="Set Suite Variable" library="BuiltIn">
<doc>Makes a variable available everywhere within the scope of the current suite.</doc>
<arguments>
<arg>${value}</arg>
<arg>${value}</arg>
</arguments>
<msg timestamp="20200801 00:08:35.145" level="INFO">${value} = -99999</msg>
<status status="PASS" starttime="20200801 00:08:35.144" endtime="20200801 00:08:35.145"></status>
</kw>
<kw name="Log" library="BuiltIn">
<doc>Logs the given message with the given level.</doc>
<arguments>
<arg>${value}</arg>
</arguments>
<msg timestamp="20200801 00:08:35.145" level="INFO">-99999</msg>
<status status="PASS" starttime="20200801 00:08:35.145" endtime="20200801 00:08:35.145"></status>
</kw>
<status status="PASS" starttime="20200801 00:08:35.144" endtime="20200801 00:08:35.145"></status>
</kw>
<kw name="When sending it as request in &quot;english&quot;" library="resources">
<kw name="Get Req" library="helper">
<arguments>
<arg>${value}</arg>
<arg>${language}</arg>
</arguments>
<assign>
<var>${response}</var>
</assign>
<msg timestamp="20200801 00:08:35.235" level="INFO">${response} = &lt;Response [200]&gt;</msg>
<status status="PASS" starttime="20200801 00:08:35.146" endtime="20200801 00:08:35.235"></status>
</kw>
<kw name="Log" library="BuiltIn">
<doc>Logs the given message with the given level.</doc>
<arguments>
<arg>${response}</arg>
</arguments>
<msg timestamp="20200801 00:08:35.236" level="INFO">&lt;Response [200]&gt;</msg>
<status status="PASS" starttime="20200801 00:08:35.235" endtime="20200801 00:08:35.236"></status>
</kw>
<kw name="Set Suite Variable" library="BuiltIn">
<doc>Makes a variable available everywhere within the scope of the current suite.</doc>
<arguments>
<arg>${response}</arg>
</arguments>
<msg timestamp="20200801 00:08:35.238" level="INFO">${response} = &lt;Response [200]&gt;</msg>
<status status="PASS" starttime="20200801 00:08:35.236" endtime="20200801 00:08:35.238"></status>
</kw>
<status status="PASS" starttime="20200801 00:08:35.146" endtime="20200801 00:08:35.238"></status>
</kw>
<kw name="Then response should be a json" library="resources">
<kw name="Evaluate Response" library="helper">
<arguments>
<arg>${response}</arg>
</arguments>
<assign>
<var>${check_response}</var>
</assign>
<msg timestamp="20200801 00:08:35.241" level="INFO">&lt;Response [200]&gt;</msg>
<msg timestamp="20200801 00:08:35.241" level="INFO">${check_response} = None</msg>
<status status="PASS" starttime="20200801 00:08:35.240" endtime="20200801 00:08:35.241"></status>
</kw>
<kw name="Set Suite Variable" library="BuiltIn">
<doc>Makes a variable available everywhere within the scope of the current suite.</doc>
<arguments>
<arg>${check_response}</arg>
</arguments>
<msg timestamp="20200801 00:08:35.242" level="INFO">${check_response} = None</msg>
<status status="PASS" starttime="20200801 00:08:35.241" endtime="20200801 00:08:35.242"></status>
</kw>
<status status="PASS" starttime="20200801 00:08:35.239" endtime="20200801 00:08:35.242"></status>
</kw>
<kw name="And response json key &quot;extenso&quot; should be &quot;minus nine thousand nine hundred ninety-nine&quot;" library="resources">
<kw name="Should Be Equal" library="BuiltIn">
<doc>Fails if the given objects are unequal.</doc>
<arguments>
<arg>${check_response}</arg>
<arg>${value}</arg>
</arguments>
<msg timestamp="20200801 00:08:35.243" level="INFO">Argument types are:
&lt;class 'NoneType'&gt;
&lt;type 'unicode'&gt;</msg>
<msg timestamp="20200801 00:08:35.243" level="FAIL">None != minus nine thousand nine hundred ninety-nine</msg>
<status status="FAIL" starttime="20200801 00:08:35.242" endtime="20200801 00:08:35.243"></status>
</kw>
<status status="FAIL" starttime="20200801 00:08:35.242" endtime="20200801 00:08:35.243"></status>
</kw>
<status status="FAIL" starttime="20200801 00:08:35.143" endtime="20200801 00:08:35.244" critical="yes">None != minus nine thousand nine hundred ninety-nine</status>
</test>
<test id="s1-s1-t12" name="Sending invalid positive number and getting an error message on english API">
<kw name="Given I want the number &quot;100000&quot; written in cursive" library="resources">
<kw name="Set Suite Variable" library="BuiltIn">
<doc>Makes a variable available everywhere within the scope of the current suite.</doc>
<arguments>
<arg>${value}</arg>
<arg>${value}</arg>
</arguments>
<msg timestamp="20200801 00:08:35.246" level="INFO">${value} = 100000</msg>
<status status="PASS" starttime="20200801 00:08:35.246" endtime="20200801 00:08:35.246"></status>
</kw>
<kw name="Log" library="BuiltIn">
<doc>Logs the given message with the given level.</doc>
<arguments>
<arg>${value}</arg>
</arguments>
<msg timestamp="20200801 00:08:35.247" level="INFO">100000</msg>
<status status="PASS" starttime="20200801 00:08:35.246" endtime="20200801 00:08:35.247"></status>
</kw>
<status status="PASS" starttime="20200801 00:08:35.245" endtime="20200801 00:08:35.247"></status>
</kw>
<kw name="When sending it as request in &quot;english&quot;" library="resources">
<kw name="Get Req" library="helper">
<arguments>
<arg>${value}</arg>
<arg>${language}</arg>
</arguments>
<assign>
<var>${response}</var>
</assign>
<msg timestamp="20200801 00:08:35.280" level="INFO">${response} = &lt;Response [200]&gt;</msg>
<status status="PASS" starttime="20200801 00:08:35.247" endtime="20200801 00:08:35.280"></status>
</kw>
<kw name="Log" library="BuiltIn">
<doc>Logs the given message with the given level.</doc>
<arguments>
<arg>${response}</arg>
</arguments>
<msg timestamp="20200801 00:08:35.281" level="INFO">&lt;Response [200]&gt;</msg>
<status status="PASS" starttime="20200801 00:08:35.281" endtime="20200801 00:08:35.281"></status>
</kw>
<kw name="Set Suite Variable" library="BuiltIn">
<doc>Makes a variable available everywhere within the scope of the current suite.</doc>
<arguments>
<arg>${response}</arg>
</arguments>
<msg timestamp="20200801 00:08:35.282" level="INFO">${response} = &lt;Response [200]&gt;</msg>
<status status="PASS" starttime="20200801 00:08:35.281" endtime="20200801 00:08:35.282"></status>
</kw>
<status status="PASS" starttime="20200801 00:08:35.247" endtime="20200801 00:08:35.282"></status>
</kw>
<kw name="Then response should be a json" library="resources">
<kw name="Evaluate Response" library="helper">
<arguments>
<arg>${response}</arg>
</arguments>
<assign>
<var>${check_response}</var>
</assign>
<msg timestamp="20200801 00:08:35.283" level="INFO">&lt;Response [200]&gt;</msg>
<msg timestamp="20200801 00:08:35.284" level="FAIL">Response is not a json</msg>
<status status="FAIL" starttime="20200801 00:08:35.283" endtime="20200801 00:08:35.284"></status>
</kw>
<status status="FAIL" starttime="20200801 00:08:35.282" endtime="20200801 00:08:35.284"></status>
</kw>
<status status="FAIL" starttime="20200801 00:08:35.244" endtime="20200801 00:08:35.285" critical="yes">Response is not a json</status>
</test>
<test id="s1-s1-t13" name="Sending invalid negative number and getting an error message on english API">
<kw name="Given I want the number &quot;-100000&quot; written in cursive" library="resources">
<kw name="Set Suite Variable" library="BuiltIn">
<doc>Makes a variable available everywhere within the scope of the current suite.</doc>
<arguments>
<arg>${value}</arg>
<arg>${value}</arg>
</arguments>
<msg timestamp="20200801 00:08:35.289" level="INFO">${value} = -100000</msg>
<status status="PASS" starttime="20200801 00:08:35.288" endtime="20200801 00:08:35.289"></status>
</kw>
<kw name="Log" library="BuiltIn">
<doc>Logs the given message with the given level.</doc>
<arguments>
<arg>${value}</arg>
</arguments>
<msg timestamp="20200801 00:08:35.290" level="INFO">-100000</msg>
<status status="PASS" starttime="20200801 00:08:35.289" endtime="20200801 00:08:35.290"></status>
</kw>
<status status="PASS" starttime="20200801 00:08:35.287" endtime="20200801 00:08:35.290"></status>
</kw>
<kw name="When sending it as request in &quot;english&quot;" library="resources">
<kw name="Get Req" library="helper">
<arguments>
<arg>${value}</arg>
<arg>${language}</arg>
</arguments>
<assign>
<var>${response}</var>
</assign>
<msg timestamp="20200801 00:08:35.335" level="INFO">${response} = &lt;Response [200]&gt;</msg>
<status status="PASS" starttime="20200801 00:08:35.291" endtime="20200801 00:08:35.335"></status>
</kw>
<kw name="Log" library="BuiltIn">
<doc>Logs the given message with the given level.</doc>
<arguments>
<arg>${response}</arg>
</arguments>
<msg timestamp="20200801 00:08:35.336" level="INFO">&lt;Response [200]&gt;</msg>
<status status="PASS" starttime="20200801 00:08:35.335" endtime="20200801 00:08:35.336"></status>
</kw>
<kw name="Set Suite Variable" library="BuiltIn">
<doc>Makes a variable available everywhere within the scope of the current suite.</doc>
<arguments>
<arg>${response}</arg>
</arguments>
<msg timestamp="20200801 00:08:35.338" level="INFO">${response} = &lt;Response [200]&gt;</msg>
<status status="PASS" starttime="20200801 00:08:35.337" endtime="20200801 00:08:35.338"></status>
</kw>
<status status="PASS" starttime="20200801 00:08:35.290" endtime="20200801 00:08:35.338"></status>
</kw>
<kw name="Then response should be a json" library="resources">
<kw name="Evaluate Response" library="helper">
<arguments>
<arg>${response}</arg>
</arguments>
<assign>
<var>${check_response}</var>
</assign>
<msg timestamp="20200801 00:08:35.340" level="INFO">&lt;Response [200]&gt;</msg>
<msg timestamp="20200801 00:08:35.340" level="FAIL">Response is not a json</msg>
<status status="FAIL" starttime="20200801 00:08:35.340" endtime="20200801 00:08:35.340"></status>
</kw>
<status status="FAIL" starttime="20200801 00:08:35.339" endtime="20200801 00:08:35.341"></status>
</kw>
<status status="FAIL" starttime="20200801 00:08:35.286" endtime="20200801 00:08:35.341" critical="yes">Response is not a json</status>
</test>
<test id="s1-s1-t14" name="Sending invalid parameter and getting an error message on english API">
<kw name="Given I want to send invalid value &quot;abc&quot;" library="resources">
<kw name="Set Suite Variable" library="BuiltIn">
<doc>Makes a variable available everywhere within the scope of the current suite.</doc>
<arguments>
<arg>${value}</arg>
<arg>${value}</arg>
</arguments>
<msg timestamp="20200801 00:08:35.342" level="INFO">${value} = abc</msg>
<status status="PASS" starttime="20200801 00:08:35.342" endtime="20200801 00:08:35.342"></status>
</kw>
<kw name="Log" library="BuiltIn">
<doc>Logs the given message with the given level.</doc>
<arguments>
<arg>${value}</arg>
</arguments>
<msg timestamp="20200801 00:08:35.343" level="INFO">abc</msg>
<status status="PASS" starttime="20200801 00:08:35.342" endtime="20200801 00:08:35.343"></status>
</kw>
<status status="PASS" starttime="20200801 00:08:35.342" endtime="20200801 00:08:35.343"></status>
</kw>
<kw name="When sending it as request in &quot;english&quot;" library="resources">
<kw name="Get Req" library="helper">
<arguments>
<arg>${value}</arg>
<arg>${language}</arg>
</arguments>
<assign>
<var>${response}</var>
</assign>
<msg timestamp="20200801 00:08:35.384" level="INFO">${response} = &lt;Response [200]&gt;</msg>
<status status="PASS" starttime="20200801 00:08:35.344" endtime="20200801 00:08:35.384"></status>
</kw>
<kw name="Log" library="BuiltIn">
<doc>Logs the given message with the given level.</doc>
<arguments>
<arg>${response}</arg>
</arguments>
<msg timestamp="20200801 00:08:35.385" level="INFO">&lt;Response [200]&gt;</msg>
<status status="PASS" starttime="20200801 00:08:35.384" endtime="20200801 00:08:35.385"></status>
</kw>
<kw name="Set Suite Variable" library="BuiltIn">
<doc>Makes a variable available everywhere within the scope of the current suite.</doc>
<arguments>
<arg>${response}</arg>
</arguments>
<msg timestamp="20200801 00:08:35.386" level="INFO">${response} = &lt;Response [200]&gt;</msg>
<status status="PASS" starttime="20200801 00:08:35.385" endtime="20200801 00:08:35.386"></status>
</kw>
<status status="PASS" starttime="20200801 00:08:35.343" endtime="20200801 00:08:35.386"></status>
</kw>
<kw name="Then response should be a json" library="resources">
<kw name="Evaluate Response" library="helper">
<arguments>
<arg>${response}</arg>
</arguments>
<assign>
<var>${check_response}</var>
</assign>
<msg timestamp="20200801 00:08:35.388" level="INFO">&lt;Response [200]&gt;</msg>
<msg timestamp="20200801 00:08:35.388" level="FAIL">Response is not a json</msg>
<status status="FAIL" starttime="20200801 00:08:35.387" endtime="20200801 00:08:35.389"></status>
</kw>
<status status="FAIL" starttime="20200801 00:08:35.387" endtime="20200801 00:08:35.389"></status>
</kw>
<status status="FAIL" starttime="20200801 00:08:35.341" endtime="20200801 00:08:35.390" critical="yes">Response is not a json</status>
</test>
<status status="FAIL" starttime="20200801 00:08:34.204" endtime="20200801 00:08:35.391"></status>
</suite>
<status status="FAIL" starttime="20200801 00:08:34.178" endtime="20200801 00:08:35.395"></status>
</suite>
<statistics>
<total>
<stat pass="4" fail="10">Critical Tests</stat>
<stat pass="4" fail="10">All Tests</stat>
</total>
<tag>
</tag>
<suite>
<stat pass="4" fail="10" id="s1" name="Tests">Tests</stat>
<stat pass="4" fail="10" id="s1-s1" name="Test Api">Tests.Test Api</stat>
</suite>
</statistics>
<errors>
</errors>
</robot>
